<?xml version="1.0" encoding="UTF-8"?>
<!-- Generated by org.testng.reporters.JUnitXMLReporter -->
<testsuite hostname="LAPTOP-AN4B15DH" ignored="0" name="Testng" tests="10" failures="0" timestamp="2023-06-25T10:10:31 IDT" time="64.015" errors="0">
  <testcase name="open_account" time="3.337" classname="tests.AccountTest"/>
  <testcase name="filling_form" time="3.618" classname="tests.AccountTest"/>
  <testcase name="createNewEvent" time="8.307" classname="tests.NewEventTest"/>
  <testcase name="return_result" time="7.579" classname="tests.ViewMyFormsFilterTest"/>
  <testcase name="open_searchall" time="5.977" classname="tests.SearchAllTest"/>
  <testcase name="search_result" time="4.14" classname="tests.SearchAllTest"/>
  <testcase name="login_failure" time="1.098" classname="tests.LoginTest"/>
  <testcase name="login_success" time="3.191" classname="tests.LoginTest"/>
  <testcase name="forgotPassword_click" time="0.763" classname="tests.ForgotPasswordTest"/>
  <testcase name="Instructions" time="0.62" classname="tests.ForgotPasswordTest"/>
</testsuite> <!-- Testng -->
